# JRE version: OpenJDK Runtime Environment (8.0_152-b01) (build 1.8.0_152-release-1024-b01)
# Java VM: OpenJDK 64-Bit Server VM (25.152-b01 mixed mode linux-amd64 compressed oops)
Heap:
 PSYoungGen      total 361472K, used 13307K [0x00000000e0000000, 0x00000000f8380000, 0x0000000100000000)
  eden space 327680K, 0% used [0x00000000e0000000,0x00000000e0000000,0x00000000f4000000)
  from space 33792K, 39% used [0x00000000f4000000,0x00000000f4cfed60,0x00000000f6100000)
  to   space 34304K, 0% used [0x00000000f6100000,0x00000000f6100000,0x00000000f8280000)
 ParOldGen       total 94208K, used 61051K [0x00000000a0000000, 0x00000000a5c00000, 0x00000000e0000000)
  object space 94208K, 64% used [0x00000000a0000000,0x00000000a3b9ed70,0x00000000a5c00000)
 Metaspace       used 74972K, capacity 78150K, committed 78168K, reserved 1116160K
  class space    used 9921K, capacity 10613K, committed 10624K, reserved 1048576K
GC Heap History (10 events):
Event: 51.113 GC heap after
Heap after GC invocations=19 (full 3):
 PSYoungGen      total 258048K, used 7129K [0x00000000e0000000, 0x00000000f1500000, 0x0000000100000000)
  eden space 244736K, 0% used [0x00000000e0000000,0x00000000e0000000,0x00000000eef00000)
  from space 13312K, 53% used [0x00000000f0800000,0x00000000f0ef65e0,0x00000000f1500000)
  to   space 19456K, 0% used [0x00000000eef00000,0x00000000eef00000,0x00000000f0200000)
 ParOldGen       total 94208K, used 37374K [0x00000000a0000000, 0x00000000a5c00000, 0x00000000e0000000)
  object space 94208K, 39% used [0x00000000a0000000,0x00000000a247f8b8,0x00000000a5c00000)
 Metaspace       used 64635K, capacity 66728K, committed 67032K, reserved 1107968K
  class space    used 8593K, capacity 9104K, committed 9216K, reserved 1048576K
}
Event: 55.291 GC heap before
{Heap before GC invocations=20 (full 3):
 PSYoungGen      total 258048K, used 251865K [0x00000000e0000000, 0x00000000f1500000, 0x0000000100000000)
  eden space 244736K, 100% used [0x00000000e0000000,0x00000000eef00000,0x00000000eef00000)
  from space 13312K, 53% used [0x00000000f0800000,0x00000000f0ef65e0,0x00000000f1500000)
  to   space 19456K, 0% used [0x00000000eef00000,0x00000000eef00000,0x00000000f0200000)
 ParOldGen       total 94208K, used 37374K [0x00000000a0000000, 0x00000000a5c00000, 0x00000000e0000000)
  object space 94208K, 39% used [0x00000000a0000000,0x00000000a247f8b8,0x00000000a5c00000)
 Metaspace       used 64737K, capacity 66804K, committed 67032K, reserved 1107968K
  class space    used 8596K, capacity 9106K, committed 9216K, reserved 1048576K
Event: 55.325 GC heap after
Heap after GC invocations=20 (full 3):
 PSYoungGen      total 264192K, used 19438K [0x00000000e0000000, 0x00000000f4a00000, 0x0000000100000000)
  eden space 244736K, 0% used [0x00000000e0000000,0x00000000e0000000,0x00000000eef00000)
  from space 19456K, 99% used [0x00000000eef00000,0x00000000f01fba90,0x00000000f0200000)
  to   space 24064K, 0% used [0x00000000f3280000,0x00000000f3280000,0x00000000f4a00000)
 ParOldGen       total 94208K, used 40038K [0x00000000a0000000, 0x00000000a5c00000, 0x00000000e0000000)
  object space 94208K, 42% used [0x00000000a0000000,0x00000000a27198e8,0x00000000a5c00000)
 Metaspace       used 64737K, capacity 66804K, committed 67032K, reserved 1107968K
  class space    used 8596K, capacity 9106K, committed 9216K, reserved 1048576K
}
Event: 57.437 GC heap before
{Heap before GC invocations=21 (full 3):
 PSYoungGen      total 264192K, used 263424K [0x00000000e0000000, 0x00000000f4a00000, 0x0000000100000000)
  eden space 244736K, 99% used [0x00000000e0000000,0x00000000eee44790,0x00000000eef00000)
  from space 19456K, 99% used [0x00000000eef00000,0x00000000f01fba90,0x00000000f0200000)
  to   space 24064K, 0% used [0x00000000f3280000,0x00000000f3280000,0x00000000f4a00000)
 ParOldGen       total 94208K, used 40038K [0x00000000a0000000, 0x00000000a5c00000, 0x00000000e0000000)
  object space 94208K, 42% used [0x00000000a0000000,0x00000000a27198e8,0x00000000a5c00000)
 Metaspace       used 65686K, capacity 67938K, committed 68184K, reserved 1107968K
  class space    used 8740K, capacity 9243K, committed 9344K, reserved 1048576K
Event: 57.480 GC heap after
Heap after GC invocations=21 (full 3):
 PSYoungGen      total 302592K, used 24039K [0x00000000e0000000, 0x00000000f6480000, 0x0000000100000000)
  eden space 278528K, 0% used [0x00000000e0000000,0x00000000e0000000,0x00000000f1000000)
  from space 24064K, 99% used [0x00000000f3280000,0x00000000f49f9cc0,0x00000000f4a00000)
  to   space 35328K, 0% used [0x00000000f1000000,0x00000000f1000000,0x00000000f3280000)
 ParOldGen       total 94208K, used 59891K [0x00000000a0000000, 0x00000000a5c00000, 0x00000000e0000000)
  object space 94208K, 63% used [0x00000000a0000000,0x00000000a3a7cd00,0x00000000a5c00000)
 Metaspace       used 65686K, capacity 67938K, committed 68184K, reserved 1107968K
  class space    used 8740K, capacity 9243K, committed 9344K, reserved 1048576K
}
Event: 71.497 GC heap before
{Heap before GC invocations=22 (full 3):
 PSYoungGen      total 302592K, used 302567K [0x00000000e0000000, 0x00000000f6480000, 0x0000000100000000)
  eden space 278528K, 100% used [0x00000000e0000000,0x00000000f1000000,0x00000000f1000000)
  from space 24064K, 99% used [0x00000000f3280000,0x00000000f49f9cc0,0x00000000f4a00000)
  to   space 35328K, 0% used [0x00000000f1000000,0x00000000f1000000,0x00000000f3280000)
 ParOldGen       total 94208K, used 59891K [0x00000000a0000000, 0x00000000a5c00000, 0x00000000e0000000)
  object space 94208K, 63% used [0x00000000a0000000,0x00000000a3a7cd00,0x00000000a5c00000)
 Metaspace       used 66306K, capacity 68764K, committed 68824K, reserved 1107968K
  class space    used 8835K, capacity 9424K, committed 9472K, reserved 1048576K
Event: 71.508 GC heap after
Heap after GC invocations=22 (full 3):
 PSYoungGen      total 313856K, used 4658K [0x00000000e0000000, 0x00000000f8280000, 0x0000000100000000)
  eden space 278528K, 0% used [0x00000000e0000000,0x00000000e0000000,0x00000000f1000000)
  from space 35328K, 13% used [0x00000000f1000000,0x00000000f148cb68,0x00000000f3280000)
  to   space 34304K, 0% used [0x00000000f6100000,0x00000000f6100000,0x00000000f8280000)
 ParOldGen       total 94208K, used 61043K [0x00000000a0000000, 0x00000000a5c00000, 0x00000000e0000000)
  object space 94208K, 64% used [0x00000000a0000000,0x00000000a3b9cd70,0x00000000a5c00000)
 Metaspace       used 66306K, capacity 68764K, committed 68824K, reserved 1107968K
  class space    used 8835K, capacity 9424K, committed 9472K, reserved 1048576K
}
Event: 92.783 GC heap before
{Heap before GC invocations=23 (full 3):
 PSYoungGen      total 313856K, used 283186K [0x00000000e0000000, 0x00000000f8280000, 0x0000000100000000)
  eden space 278528K, 100% used [0x00000000e0000000,0x00000000f1000000,0x00000000f1000000)
  from space 35328K, 13% used [0x00000000f1000000,0x00000000f148cb68,0x00000000f3280000)
  to   space 34304K, 0% used [0x00000000f6100000,0x00000000f6100000,0x00000000f8280000)
 ParOldGen       total 94208K, used 61043K [0x00000000a0000000, 0x00000000a5c00000, 0x00000000e0000000)
  object space 94208K, 64% used [0x00000000a0000000,0x00000000a3b9cd70,0x00000000a5c00000)
 Metaspace       used 73894K, capacity 77050K, committed 77400K, reserved 1116160K
  class space    used 9817K, capacity 10511K, committed 10624K, reserved 1048576K
Event: 93.408 GC heap after
Heap after GC invocations=23 (full 3):
 PSYoungGen      total 361984K, used 16640K [0x00000000e0000000, 0x00000000f8380000, 0x0000000100000000)
  eden space 327680K, 0% used [0x00000000e0000000,0x00000000e0000000,0x00000000f4000000)
  from space 34304K, 48% used [0x00000000f6100000,0x00000000f7140398,0x00000000f8280000)
  to   space 33792K, 0% used [0x00000000f4000000,0x00000000f4000000,0x00000000f6100000)
 ParOldGen       total 94208K, used 61051K [0x00000000a0000000, 0x00000000a5c00000, 0x00000000e0000000)
  object space 94208K, 64% used [0x00000000a0000000,0x00000000a3b9ed70,0x00000000a5c00000)
 Metaspace       used 73894K, capacity 77050K, committed 77400K, reserved 1116160K
  class space    used 9817K, capacity 10511K, committed 10624K, reserved 1048576K
}
Event: 96.466 GC heap before
{Heap before GC invocations=24 (full 3):
 PSYoungGen      total 361984K, used 344320K [0x00000000e0000000, 0x00000000f8380000, 0x0000000100000000)
  eden space 327680K, 100% used [0x00000000e0000000,0x00000000f4000000,0x00000000f4000000)
  from space 34304K, 48% used [0x00000000f6100000,0x00000000f7140398,0x00000000f8280000)
  to   space 33792K, 0% used [0x00000000f4000000,0x00000000f4000000,0x00000000f6100000)
 ParOldGen       total 94208K, used 61051K [0x00000000a0000000, 0x00000000a5c00000, 0x00000000e0000000)
  object space 94208K, 64% used [0x00000000a0000000,0x00000000a3b9ed70,0x00000000a5c00000)
 Metaspace       used 74972K, capacity 78150K, committed 78168K, reserved 1116160K
  class space    used 9921K, capacity 10613K, committed 10624K, reserved 1048576K

